<?xml version="1.0" encoding="UTF-8"?>
<!-- Generated by org.testng.reporters.JUnitReportReporter -->
<testsuite hostname="Sarvesh" failures="0" tests="1" name="com.SeleniumTests.SimpleTest" time="56.118" errors="0" timestamp="2023-09-15T13:51:03 IST" skipped="0">
  <testcase classname="com.SeleniumTests.SimpleTest" name="verifyTitle" time="56.118"/>
</testsuite> <!-- com.SeleniumTests.SimpleTest -->
