<?xml version="1.0" encoding="UTF-8"?>
<!-- Generated by org.testng.reporters.JUnitReportReporter -->
<testsuite hostname="Sarvesh" failures="0" tests="1" name="com.SeleniumTests.SimpleTest" time="48.104" errors="0" timestamp="2023-09-18T10:22:02 IST" skipped="0">
  <testcase classname="com.SeleniumTests.SimpleTest" name="verifyTitle" time="48.104"/>
</testsuite> <!-- com.SeleniumTests.SimpleTest -->
